1604597969730	geckodriver	INFO	Listening on 127.0.0.1:57564
1604597970411	mozrunner::runner	INFO	Running command: "C:\\Program Files\\Mozilla Firefox\\firefox.exe" "--marionette" "-foreground" "-no-remote" "-profile" "C:\\Users\\A737638\\AppData\\Local\\Temp\\rust_mozprofileGTFdlb"
JavaScript error: resource://gre/modules/XULStore.jsm, line 66: Error: Can't find profile directory.
console.warn: SearchSettings: "get: No settings file exists, new profile?" (new Error("", "(unknown module)"))
console.error: Region.jsm: "Error fetching region" (new AbortError("The operation was aborted. ", (void 0), 697))
console.error: Region.jsm: "Failed to fetch region" (new Error("NO_RESULT", "resource://gre/modules/Region.jsm", 351))
1604598008338	Marionette	INFO	Listening on port 57569
1604598009226	Marionette	WARN	TLS certificate errors will be ignored for this session
A content process crashed and MOZ_CRASHREPORTER_SHUTDOWN is set, shutting down
1604598061577	Marionette	ERROR	[34] No reply from Marionette:Register
console.error: (new Error("SessionFile is closed", "resource:///modules/sessionstore/SessionFile.jsm", 433))
WARNING: At least one completion condition is taking too long to complete. Conditions: [{"name":"ContentParent: id=238dd372800","state":{"remoteTypePrefix":"privilegedabout"},"filename":"/builds/worker/checkouts/gecko/dom/ipc/ContentParent.cpp","lineNumber":3251,"stack":["resource://gre/modules/nsAsyncShutdown.jsm:addBlocker:162","chrome://global/content/elements/browser-custom-element.js:get loadContext:364","chrome://global/content/elements/browser-custom-element.js:construct:1066","chrome://global/content/elements/browser-custom-element.js:connectedCallback:302","resource:///modules/NewTabPagePreloading.jsm:_createBrowser:66","resource:///modules/NewTabPagePreloading.jsm:maybeCreatePreloadedBrowser:136","chrome://browser/content/browser.js:_schedulePerWindowIdleTasks/<:2347","chrome://browser/content/browser.js:idleTaskRunner:2282"]},{"name":"ContentParent: id=238dc660800","state":{"remoteTypePrefix":"prealloc"},"filename":"/builds/worker/checkouts/gecko/dom/ipc/ContentParent.cpp","lineNumber":3251,"stack":["resource://gre/modules/nsAsyncShutdown.jsm:addBlocker:162"]}] Barrier: profile-before-change
1604598081767	Marionette	INFO	Stopped listening on port 57569

###!!! [Child][RunMessage] Error: Channel closing: too late to send/recv, messages will be lost


###!!! [Child][MessageChannel::SendAndWait] Error: Channel error: cannot send/recv

\\Temp\\rust_mozprofilebzJ8uv"
1604598092461	geckodriver	INFO	Listening on 127.0.0.1:57703
1604598093138	mozrunner::runner	INFO	Running command: "C:\\Program Files\\Mozilla Firefox\\firefox.exe" "--marionette" "-foreground" "-no-remote" "-profile" "C:\\Users\\A737638\\AppData\\Local\\Temp\\rust_mozprofileCzqcg8"
JavaScript error: resource://gre/modules/XULStore.jsm, line 66: Error: Can't find profile directory.
console.warn: SearchSettings: "get: No settings file exists, new profile?" (new Error("", "(unknown module)"))
1604598125536	Marionette	INFO	Listening on port 57708
1604598126092	Marionette	WARN	TLS certificate errors will be ignored for this session
A content process crashed and MOZ_CRASHREPORTER_SHUTDOWN is set, shutting down
1604598189102	Marionette	ERROR	[34] No reply from Marionette:Register
WARNING: At least one completion condition is taking too long to complete. Conditions: [{"name":"ContentParent: id=20585b15000","state":{"remoteTypePrefix":"prealloc"},"filename":"/builds/worker/checkouts/gecko/dom/ipc/ContentParent.cpp","lineNumber":3251,"stack":["resource://gre/modules/nsAsyncShutdown.jsm:addBlocker:162"]}] Barrier: profile-before-change
console.error: (new Error("SessionFile is closed", "resource:///modules/sessionstore/SessionFile.jsm", 433))
1604598209529	Marionette	INFO	Stopped listening on port 57708

###!!! [Child][MessageChannel::SendAndWait] Error: Channel error: cannot send/recv

1604598800806	geckodriver	INFO	Listening on 127.0.0.1:58194
1604598801368	mozrunner::runner	INFO	Running command: "C:\\Program Files\\Mozilla Firefox\\firefox.exe" "--marionette" "-foreground" "-no-remote" "-profile" "C:\\Users\\A737638\\AppData\\Local\\Temp\\rust_mozprofileH61toM"
JavaScript error: resource://gre/modules/XULStore.jsm, line 66: Error: Can't find profile directory.
console.warn: SearchSettings: "get: No settings file exists, new profile?" (new Error("", "(unknown module)"))
1604598811117	Marionette	INFO	Listening on port 58199
1604598811249	Marionette	WARN	TLS certificate errors will be ignored for this session
console.error: (new Error("SessionFile is closed", "resource:///modules/sessionstore/SessionFile.jsm", 433))
WARNING: At least one completion condition is taking too long to complete. Conditions: [{"name":"ContentParent: id=2040bb95000","state":{"remoteTypePrefix":"web"},"filename":"/builds/worker/checkouts/gecko/dom/ipc/ContentParent.cpp","lineNumber":3251,"stack":["resource://gre/modules/nsAsyncShutdown.jsm:addBlocker:162","chrome://global/content/elements/browser-custom-element.js:get loadContext:364","chrome://global/content/elements/browser-custom-element.js:construct:1066","chrome://global/content/elements/browser-custom-element.js:connectedCallback:302","chrome://browser/content/tabbrowser.js:_setupInitialBrowserAndTab:387","chrome://browser/content/tabbrowser.js:init:48","chrome://browser/content/browser.js:onDOMContentLoaded:1780"]}] Barrier: profile-before-change
1604600167164	Marionette	INFO	Stopped listening on port 58199

###!!! [Child][MessageChannel::SendAndWait] Error: Channel error: cannot send/recv

earchSettings: "get: No settings file exists, new profile?" (new Error("", "(unknown module)"))
1604599047222	Marionette	INFO	Listening on port 58488
1604599047498	Marionette	WARN	TLS certificate errors will be ignored for this session
1604599065714	Marionette	ERROR	[34] No reply from Marionette:Register
1604599078687	Marionette	INFO	Stopped listening on port 58488

###!!! [Child][MessageChannel::SendAndWait] Error: Channel error: cannot send/recv

1604599488166	geckodriver	INFO	Listening on 127.0.0.1:58746
1604599488723	mozrunner::runner	INFO	Running command: "C:\\Program Files\\Mozilla Firefox\\firefox.exe" "--marionette" "-foreground" "-no-remote" "-profile" "C:\\Users\\A737638\\AppData\\Local\\Temp\\rust_mozprofiledrRfqX"
JavaScript error: resource://gre/modules/XULStore.jsm, line 66: Error: Can't find profile directory.
console.warn: SearchSettings: "get: No settings file exists, new profile?" (new Error("", "(unknown module)"))
1604599498528	Marionette	INFO	Listening on port 58751
1604599498734	Marionette	WARN	TLS certificate errors will be ignored for this session
1604599516498	Marionette	ERROR	[34] No reply from Marionette:Register
1604599811100	Marionette	INFO	Stopped listening on port 58751

###!!! [Child][MessageChannel::SendAndWait] Error: Channel error: cannot send/recv

firefox.exe" "--marionette" "-foreground" "-no-remote" "-profile" "C:\\Users\\A737638\\AppData\\Local\\Temp\\rust_mozprofileWpZXNY"
JavaScript error: resource://gre/modules/XULStore.jsm, line 66: Error: Can't find profile directory.
console.warn: SearchSettings: "get: No settings file exists, new profile?" (new Error("", "(unknown module)"))
1604599758881	Marionette	INFO	Listening on port 59162
1604599759537	Marionette	WARN	TLS certificate errors will be ignored for this session
1604599809363	Marionette	INFO	Stopped listening on port 59162

###!!! [Child][RunMessage] Error: Channel closing: too late to send/recv, messages will be lost

JavaScript error: resource://gre/modules/osfile/osfile_async_front.jsm, line 426: Error: OS.File has been shut down. Rejecting post to DirectoryIterator_prototype_close
JavaScript error: resource://gre/modules/osfile/osfile_async_front.jsm, line 446: Error: OS.File has been shut down. Rejecting request to DirectoryIterator_prototype_next

###!!! [Child][MessageChannel::SendAndWait] Error: Channel1604599810299	mozrunner::runner	INFO	Running command: "C:\\Program Files\\Mozilla Firefox\\firefox.exe" "--marionette" "-foreground" "-no-remote" "-profile" "C:\\Users\\A737638\\AppData\\Local\\Temp\\rust_mozprofileCiqEfG"
JavaScript error: resource://gre/modules/XULStore.jsm, line 66: Error: Can't find profile directory.
console.warn: SearchSettings: "get: No settings file exists, new profile?" (new Error("", "(unknown module)"))
1604599821430	Marionette	INFO	Listening on port 59283
1604599821959	Marionette	WARN	TLS certificate errors will be ignored for this session
1604600147476	Marionette	INFO	Stopped listening on port 59283

###!!! [Child][RunMessage] Error: Channel error: cannot send/recv


###!!! [Child][RunMessage] Error: Channel error: cannot send/recv


###!!! [Child][MessageChannel::SendAndWait] Error: Channel error: cannot send/recv

 error: resource://gre/modules/XULStore.jsm, line 66: Error: Can't find profile directory.
console.warn: SearchSettings: "get: No settings file exists, new profile?" (new Error("", "(unknown module)"))
1604599883312	Marionette	INFO	Listening on port 59405
1604599883558	Marionette	WARN	TLS certificate errors will be ignored for this session
1604599897378	Marionette	ERROR	[34] No reply from Marionette:Register
JavaScript error: resource://gre/modules/XULStore.jsm, line 66: Error: Can't find profile directory.
JavaScript error: resource://gre/modules/XULStore.jsm, line 66: Error: Can't find profile directory.
JavaScript error: resource://gre/modules/XULStore.jsm, line 66: Error: Can't find profile directory.
JavaScript error: resource://gre/modules/XULStore.jsm, line 66: Error: Can't find profile directory.
JavaScript error: resource://gre/modules/XULStore.jsm, line 66: Error: Can't find profile directory.
1604600151554	Marionette	INFO	Stopped listening on port 59405

###!!! [Child][MessageChannel::SendAndWait] Error: Channel error: cannot send/recv

1604600152197	geckodriver	INFO	Listening on 127.0.0.1:60515
1604600152906	mozrunner::runner	INFO	Running command: "C:\\Program Files\\Mozilla Firefox\\firefox.exe" "--marionette" "-foreground" "-no-remote" "-profile" "C:\\Users\\A737638\\AppData\\Local\\Temp\\rust_mozprofileNKvzpc"
JavaScript error: resource://gre/modules/XULStore.jsm, line 66: Error: Can't find profile directory.
console.warn: SearchSettings: "get: No settings file exists, new profile?" (new Error("", "(unknown module)"))
1604600165405	Marionette	INFO	Listening on port 60520
1604600165616	Marionette	WARN	TLS certificate errors will be ignored for this session
A content process crashed and MOZ_CRASHREPORTER_SHUTDOWN is set, shutting down
1604600222118	Marionette	ERROR	[34] No reply from Marionette:Register
1604600222448	Marionette	INFO	Stopped listening on port 60520

###!!! [Child][MessageChannel::SendAndWait] Error: Channel error: cannot send/recv

1604600299756	geckodriver	INFO	Listening on 127.0.0.1:60779
1604600300317	mozrunner::runner	INFO	Running command: "C:\\Program Files\\Mozilla Firefox\\firefox.exe" "--marionette" "-foreground" "-no-remote" "-profile" "C:\\Users\\A737638\\AppData\\Local\\Temp\\rust_mozprofilez9iz0v"
JavaScript error: resource://gre/modules/XULStore.jsm, line 66: Error: Can't find profile directory.
console.warn: SearchSettings: "get: No settings file exists, new profile?" (new Error("", "(unknown module)"))
1604600309289	Marionette	INFO	Listening on port 60784
1604600309874	Marionette	WARN	TLS certificate errors will be ignored for this session
1604600477385	Marionette	INFO	Stopped listening on port 60784

###!!! [Child][RunMessage] Error: Channel closing: too late to send/recv, messages will be lost


###!!! [Child][MessageChannel::SendAndWait] Error: Channel error: cannot send/recv

\\Temp\\rust_mozprofileIju7pG"
JavaScript error: resource://gre/modules/XULStore.jsm, line 66: Error: Can't find profile directory.
console.warn: SearchSettings: "get: No settings file exists, new profile?" (new Error("", "(unknown module)"))
1604600421262	Marionette	INFO	Listening on port 60917
1604600421770	Marionette	WARN	TLS certificate errors will be ignored for this session
A content process crashed and MOZ_CRASHREPORTER_SHUTDOWN is set, shutting down
1604600446061	Marionette	INFO	Stopped listening on port 60917

###!!! [Child][RunMessage] Error: Channel closing: too late to send/recv, messages will be lost


###!!! [Child][MessageChannel::SendAndWait] Error: Channel error: cannot send/recv

1604600474221	geckodriver	INFO	Listening on 127.0.0.1:61036
1604600474857	mozrunner::runner	INFO	Running command: "C:\\Program Files\\Mozilla Firefox\\firefox.exe" "--marionette" "-foreground" "-no-remote" "-profile" "C:\\Users\\A737638\\AppData\\Local\\Temp\\rust_mozprofileVIkeAZ"
JavaScript error: resource://gre/modules/XULStore.jsm, line 66: Error: Can't find profile directory.
console.warn: SearchSettings: "get: No settings file exists, new profile?" (new Error("", "(unknown module)"))
1604600486082	Marionette	INFO	Listening on port 61041
1604600486493	Marionette	WARN	TLS certificate errors will be ignored for this session
1604600703179	Marionette	INFO	Stopped listening on port 61041

###!!! [Child][RunMessage] Error: Channel closing: too late to send/recv, messages will be lost


###!!! [Child][MessageChannel::SendAndWait] Error: Channel error: cannot send/recv

\\Temp\\rust_mozprofileiTRMDd"
JavaScript error: resource://gre/modules/XULStore.jsm, line 66: Error: Can't find profile directory.
console.warn: SearchSettings: "get: No settings file exists, new profile?" (new Error("", "(unknown module)"))
1604600598750	Marionette	INFO	Listening on port 61163
1604600599408	Marionette	WARN	TLS certificate errors will be ignored for this session
1604600703865	Marionette	INFO	Stopped listening on port 61163

###!!! [Child][RunMessage] Error: Channel closing: too late to send/recv, messages will be lost


###!!! [Child][MessageChannel::SendAndWait] Error: Channel error: cannot send/recv

\\Temp\\rust_mozprofileRvCxbz"
JavaScript error: resource://gre/modules/XULStore.jsm, line 66: Error: Can't find profile directory.
console.warn: SearchSettings: "get: No settings file exists, new profile?" (new Error("", "(unknown module)"))
1604600665474	Marionette	INFO	Listening on port 61270
1604600665574	Marionette	WARN	TLS certificate errors will be ignored for this session
console.error: (new Error("SessionFile is closed", "resource:///modules/sessionstore/SessionFile.jsm", 433))
1604601745840	Marionette	INFO	Stopped listening on port 61270

###!!! [Child][MessageChannel::SendAndWait] Error: Channel error: cannot send/recv

ust_mozprofileSuIrQh"
JavaScript error: resource://gre/modules/XULStore.jsm, line 66: Error: Can't find profile directory.
console.warn: SearchSettings: "get: No settings file exists, new profile?" (new Error("", "(unknown module)"))
1604600713766	Marionette	INFO	Listening on port 61417
1604600714217	Marionette	WARN	TLS certificate errors will be ignored for this session
1604601050224	Marionette	INFO	Stopped listening on port 61417

###!!! [Child][RunMessage] Error: Channel closing: too late to send/recv, messages will be lost


###!!! [Child][MessageChannel::SendAndWait] Error: Channel error: cannot send/recv

\\Temp\\rust_mozprofileU52rW8"
JavaScript error: resource://gre/modules/XULStore.jsm, line 66: Error: Can't find profile directory.
console.warn: SearchSettings: "get: No settings file exists, new profile?" (new Error("", "(unknown module)"))
1604600914383	Marionette	INFO	Listening on port 61577
1604600915112	Marionette	WARN	TLS certificate errors will be ignored for this session

###!!! [Child][MessageChannel] Error: (msgtype=0x380114,name=PContent::Msg_AccumulateChildHistograms) Channel closing: too late to send/recv, messages will be lost


###!!! [Child][MessageChannel] Error: (msgtype=0x380115,name=PContent::Msg_AccumulateChildKeyedHistograms) Channel closing: too late to send/recv, messages will be lost


###!!! [Child][MessageChannel] Error: (msgtype=0x380119,name=PContent::Msg_RecordDiscardedData) Channel closing: too late to send/recv, messages will be lost

1604601048937	Marionette	INFO	Stopped listening on port 61577

###!!! [Child][RunMessage] Error: Channel closing: too late to send/recv, messages will be lost


###!!! [Child][MessageChannel::SendAndWait] Error: Channel error: cannot send/recv

\\Temp\\rust_mozprofile8olUcj"
JavaScript error: resource://gre/modules/XULStore.jsm, line 66: Error: Can't find profile directory.
console.warn: SearchSettings: "get: No settings file exists, new profile?" (new Error("", "(unknown module)"))
1604601011382	Marionette	INFO	Listening on port 61715
1604601011488	Marionette	WARN	TLS certificate errors will be ignored for this session
A content process crashed and MOZ_CRASHREPORTER_SHUTDOWN is set, shutting down
1604601056485	Marionette	ERROR	[34] No reply from Marionette:Register
1604601057038	Marionette	INFO	Stopped listening on port 61715

###!!! [Child][RunMessage] Error: Channel closing: too late to send/recv, messages will be lost


###!!! [Child][MessageChannel::SendAndWait] Error: Channel error: cannot send/recv

JavaScript error: resource://gre/modules/osfile/osfile_async_front.jsm, line 426: Error: OS.File has been shut down. Rejecting post to stat
1604601066938	geckodriver	INFO	Listening on 127.0.0.1:61828
1604601067562	mozrunner::runner	INFO	Running command: "C:\\Program Files\\Mozilla Firefox\\firefox.exe" "--marionette" "-foreground" "-no-remote" "-profile" "C:\\Users\\A737638\\AppData\\Local\\Temp\\rust_mozprofilelIvoEJ"
JavaScript error: resource://gre/modules/XULStore.jsm, line 66: Error: Can't find profile directory.
console.warn: SearchSettings: "get: No settings file exists, new profile?" (new Error("", "(unknown module)"))
1604601077043	Marionette	INFO	Listening on port 61833
1604601077581	Marionette	WARN	TLS certificate errors will be ignored for this session

###!!! [Child][RunMessage] Error: Channel closing: too late to send/recv, messages will be lost

console.error: (new Error("SessionFile is closed", "resource:///modules/sessionstore/SessionFile.jsm", 433))
1604601746350	Marionette	INFO	Stopped listening on port 61833

###!!! [Child][RunMessage] Error: Channel closing: too late to send/recv, messages will be lost


###!!! [Child][MessageChannel::SendAndWait] Error: Channel error: cannot send/recv

w Error("", "(unknown module)"))
1604601517453	Marionette	INFO	Listening on port 62096
1604601517606	Marionette	WARN	TLS certificate errors will be ignored for this session
1604601738228	Marionette	INFO	Stopped listening on port 62096

###!!! [Child][RunMessage] Error: Channel closing: too late to send/recv, messages will be lost


###!!! [Child][MessageChannel::SendAndWait] Error: Channel error: cannot send/recv

JavaScript error: resource:///modules/sessionstore/SessionStore.jsm, line 5336: NS_ERROR_UNEXPECTED: Component returned failure code: 0x8000ffff (NS_ERROR_UNEXPECTED) [nsIWindowMediator.getEnumerator]
1402	mozrunner::runner	INFO	Running command: "C:\\Program Files\\Mozilla Firefox\\firefox.exe" "--marionette" "-foreground" "-no-remote" "-profile" "C:\\Users\\A737638\\AppData\\Local\\Temp\\rust_mozprofilePYV5Jk"
JavaScript error: resource://gre/modules/XULStore.jsm, line 66: Error: Can't find profile directory.
console.warn: SearchSettings: "get: No settings file exists, new profile?" (new Error("", "(unknown module)"))
1604601723153	Marionette	INFO	Listening on port 62306
1604601725244	Marionette	WARN	TLS certificate errors will be ignored for this session
1604602397161	Marionette	INFO	Stopped listening on port 62306

###!!! [Child][RunMessage] Error: Channel closing: too late to send/recv, messages will be lost


###!!! [Child][MessageChannel::SendAndWait] Error: Channel error: cannot send/recv

\\Temp\\rust_mozprofilelRbVsV"
JavaScript error: resource://gre/modules/XULStore.jsm, line 66: Error: Can't find profile directory.
console.warn: SearchSettings: "get: No settings file exists, new profile?" (new Error("", "(unknown module)"))
1604601849479	Marionette	INFO	Listening on port 62435
1604601849808	Marionette	WARN	TLS certificate errors will be ignored for this session
1604602396963	Marionette	INFO	Stopped listening on port 62435

###!!! [Child][RunMessage] Error: Channel closing: too late to send/recv, messages will be lost


###!!! [Child][MessageChannel::SendAndWait] Error: Channel error: cannot send/recv

\\Temp\\rust_mozprofilegNaAyS"
JavaScript error: resource://gre/modules/XULStore.jsm, line 66: Error: Can't find profile directory.
console.warn: SearchSettings: "get: No settings file exists, new profile?" (new Error("", "(unknown module)"))
1604601998205	Marionette	INFO	Listening on port 62565
1604601998648	Marionette	WARN	TLS certificate errors will be ignored for this session
1604602033112	Marionette	ERROR	[34] No reply from Marionette:Register

###!!! [Child][RunMessage] Error: Channel closing: too late to send/recv, messages will be lost

1604602404057	Marionette	INFO	Stopped listening on port 62565

###!!! [Child][MessageChannel::SendAndWait] Error: Channel error: cannot send/recv

\\Temp\\rust_mozprofileQCilUu"
1604602148614	geckodriver	INFO	Listening on 127.0.0.1:62717
1604602149188	mozrunner::runner	INFO	Running command: "C:\\Program Files\\Mozilla Firefox\\firefox.exe" "--marionette" "-foreground" "-no-remote" "-profile" "C:\\Users\\A737638\\AppData\\Local\\Temp\\rust_mozprofilevk3r8y"
JavaScript error: resource://gre/modules/XULStore.jsm, line 66: Error: Can't find profile directory.
console.warn: SearchSettings: "get: No settings file exists, new profile?" (new Error("", "(unknown module)"))
1604602160185	Marionette	INFO	Listening on port 62722
1604602160295	Marionette	WARN	TLS certificate errors will be ignored for this session
1604602402707	Marionette	INFO	Stopped listening on port 62722

###!!! [Child][MessageChannel::SendAndWait] Error: Channel error: cannot send/recv

firefox.exe" "--marionette" "-foreground" "-no-remote" "-profile" "C:\\Users\\A737638\\AppData\\Local\\Temp\\rust_mozprofile3AFbdU"
JavaScript error: resource://gre/modules/XULStore.jsm, line 66: Error: Can't find profile directory.
console.warn: SearchSettings: "get: No settings file exists, new profile?" (new Error("", "(unknown module)"))
1604602268669	Marionette	INFO	Listening on port 62896
1604602269270	Marionette	WARN	TLS certificate errors will be ignored for this session
1604602405575	Marionette	INFO	Stopped listening on port 62896

###!!! [Child][RunMessage] Error: Channel closing: too late to send/recv, messages will be lost


###!!! [Child][MessageChannel::SendAndWait] Error: Channel error: cannot send/recv

\\Temp\\rust_mozprofileg7XgmA"
JavaScript error: resource://gre/modules/XULStore.jsm, line 66: Error: Can't find profile directory.
console.warn: SearchSettings: "get: No settings file exists, new profile?" (new Error("", "(unknown module)"))
1604602413751	Marionette	INFO	Listening on port 63057
1604602414184	Marionette	WARN	TLS certificate errors will be ignored for this session
console.error: (new Error("SessionFile is closed", "resource:///modules/sessionstore/SessionFile.jsm", 433))
WARNING: At least one completion condition is taking too long to complete. Conditions: [{"name":"ContentParent: id=233e254c000","state":{"remoteTypePrefix":"web"},"filename":"/builds/worker/checkouts/gecko/dom/ipc/ContentParent.cpp","lineNumber":3251,"stack":["resource://gre/modules/nsAsyncShutdown.jsm:addBlocker:162","chrome://global/content/elements/browser-custom-element.js:get loadContext:364","chrome://global/content/elements/browser-custom-element.js:construct:1066","chrome://global/content/elements/browser-custom-element.js:connectedCallback:302","chrome://browser/content/tabbrowser.js:_setupInitialBrowserAndTab:387","chrome://browser/content/tabbrowser.js:init:48","chrome://browser/content/browser.js:onDOMContentLoaded:1780"]}] Barrier: profile-before-change
1604602923351	Marionette	INFO	Stopped listening on port 63057

###!!! [Child][RunMessage] Error: Channel closing: too late to send/recv, messages will be lost


###!!! [Child][MessageChannel::SendAndWait] Error: Channel error: cannot send/recv

topped listening on port 63238

###!!! [Child][MessageChannel::SendAndWait] Error: Channel error: cannot send/recv

for this session
1604602817428	Marionette	INFO	Stopped listening on port 63402

###!!! [Child][RunMessage] Error: Channel closing: too late to send/recv, messages will be lost


###!!! [Child][MessageChannel::SendAndWait] Error: Channel error: cannot send/recv

\\Temp\\rust_mozprofileutLtc6"
JavaScript error: resource://gre/modules/XULStore.jsm, line 66: Error: Can't find profile directory.
console.warn: SearchSettings: "get: No settings file exists, new profile?" (new Error("", "(unknown module)"))
1604602826259	Marionette	INFO	Listening on port 63561
1604602826981	Marionette	WARN	TLS certificate errors will be ignored for this session
1604603105916	Marionette	INFO	Stopped listening on port 63561

###!!! [Child][RunMessage] Error: Channel closing: too late to send/recv, messages will be lost


###!!! [Child][MessageChannel::SendAndWait] Error: Channel error: cannot send/recv

\\Temp\\rust_mozprofileQ0CBDe"
JavaScript error: resource://gre/modules/XULStore.jsm, line 66: Error: Can't find profile directory.
console.warn: SearchSettings: "get: No settings file exists, new profile?" (new Error("", "(unknown module)"))
1604602909601	Marionette	INFO	Listening on port 63722
1604602910174	Marionette	WARN	TLS certificate errors will be ignored for this session
1604604953651	Marionette	INFO	Stopped listening on port 63722

###!!! [Child][RunMessage] Error: Channel closing: too late to send/recv, messages will be lost


###!!! [Child][MessageChannel::SendAndWait] Error: Channel error: cannot send/recv

\\Temp\\rust_mozprofileyhjrL2"
JavaScript error: resource://gre/modules/XULStore.jsm, line 66: Error: Can't find profile directory.
console.warn: SearchSettings: "get: No settings file exists, new profile?" (new Error("", "(unknown module)"))
1604603004755	Marionette	INFO	Listening on port 63900
1604603005411	Marionette	WARN	TLS certificate errors will be ignored for this session

###!!! [Child][MessageChannel] Error: (msgtype=0x380146,name=PContent::Msg_AsyncMessage) Channel closing: too late to send/recv, messages will be lost

1604603112706	Marionette	INFO	Stopped listening on port 63900

###!!! [Child][MessageChannel::SendAndWait] Error: Channel error: cannot send/recv

JavaScript error: resource:///modules/sessionstore/SessionStore.jsm, line 5336: NS_ERROR_UNEXPECTED: Component returned failure code: 0x8000ffff (NS_ERROR_UNEXPECTED) [nsIWindowMediator.getEnumerator]
 Can't find profile directory.
console.warn: SearchSettings: "get: No settings file exists, new profile?" (new Error("", "(unknown module)"))
1604603118257	Marionette	INFO	Listening on port 64051
1604603118986	Marionette	WARN	TLS certificate errors will be ignored for this session
1604603658694	Marionette	INFO	Stopped listening on port 64051

###!!! [Child][RunMessage] Error: Channel closing: too late to send/recv, messages will be lost


###!!! [Child][MessageChannel::SendAndWait] Error: Channel error: cannot send/recv

\\Temp\\rust_mozprofileDJwHvM"
JavaScript error: resource://gre/modules/XULStore.jsm, line 66: Error: Can't find profile directory.
console.warn: SearchSettings: "get: No settings file exists, new profile?" (new Error("", "(unknown module)"))
1604603369821	Marionette	INFO	Listening on port 64267
1604603370431	Marionette	WARN	TLS certificate errors will be ignored for this session
1604603656169	Marionette	INFO	Stopped listening on port 64267

###!!! [Child][RunMessage] Error: Channel closing: too late to send/recv, messages will be lost


###!!! [Child][MessageChannel::SendAndWait] Error: Channel error: cannot send/recv

\\Temp\\rust_mozprofiler0MbZR"
JavaScript error: resource://gre/modules/XULStore.jsm, line 66: Error: Can't find profile directory.
console.warn: SearchSettings: "get: No settings file exists, new profile?" (new Error("", "(unknown module)"))
1604603597786	Marionette	INFO	Listening on port 64557
1604603598172	Marionette	WARN	TLS certificate errors will be ignored for this session
1604603658587	Marionette	INFO	Stopped listening on port 64557

###!!! [Child][RunMessage] Error: Channel closing: too late to send/recv, messages will be lost


###!!! [Child][MessageChannel::SendAndWait] Error: Channel error: cannot send/recv

\\Temp\\rust_mozprofileVvURs8"
JavaScript error: resource://gre/modules/XULStore.jsm, line 66: Error: Can't find profile directory.
console.warn: SearchSettings: "get: No settings file exists, new profile?" (new Error("", "(unknown module)"))
1604603663902	Marionette	INFO	Listening on port 64692
1604603664460	Marionette	WARN	TLS certificate errors will be ignored for this session
1604604201012	Marionette	INFO	Stopped listening on port 64692

###!!! [Child][RunMessage] Error: Channel closing: too late to send/recv, messages will be lost


###!!! [Child][MessageChannel::SendAndWait] Error: Channel error: cannot send/recv

\\Temp\\rust_mozprofile1ocS05"
JavaScript error: resource://gre/modules/XULStore.jsm, line 66: Error: Can't find profile directory.
console.warn: SearchSettings: "get: No settings file exists, new profile?" (new Error("", "(unknown module)"))
1604603781363	Marionette	INFO	Listening on port 64827
1604603781952	Marionette	WARN	TLS certificate errors will be ignored for this session
1604603804125	Marionette	WARN	TimedPromise timed out after 500 ms: stacktrace:
TimedPromise/<@chrome://marionette/content/sync.js:228:19
TimedPromise@chrome://marionette/content/sync.js:213:10
interaction.flushEventLoop@chrome://marionette/content/interaction.js:418:10
webdriverClickElement@chrome://marionette/content/interaction.js:179:31
1604604950926	Marionette	INFO	Stopped listening on port 64827

###!!! [Child][MessageChannel::SendAndWait] Error: Channel error: cannot send/recv

firefox.exe" "--marionette" "-foreground" "-no-remote" "-profile" "C:\\Users\\A737638\\AppData\\Local\\Temp\\rust_mozprofileaJm0s2"
JavaScript error: resource://gre/modules/XULStore.jsm, line 66: Error: Can't find profile directory.
console.warn: SearchSettings: "get: No settings file exists, new profile?" (new Error("", "(unknown module)"))
1604604112323	Marionette	INFO	Listening on port 65057
1604604112961	Marionette	WARN	TLS certificate errors will be ignored for this session
1604604146158	Marionette	INFO	Stopped listening on port 65057

###!!! [Child][MessageChannel::SendAndWait] Error: Channel error: cannot send/recv

firefox.exe" "--marionette" "-foreground" "-no-remote" "-profile" "C:\\Users\\A737638\\AppData\\Local\\Temp\\rust_mozprofileUmqgKI"
JavaScript error: resource://gre/modules/XULStore.jsm, line 66: Error: Can't find profile directory.
console.warn: SearchSettings: "get: No settings file exists, new profile?" (new Error("", "(unknown module)"))
1604604148281	Marionette	INFO	Listening on port 65188
1604604148858	Marionette	WARN	TLS certificate errors will be ignored for this session
1604604197613	Marionette	INFO	Stopped listening on port 65188

###!!! [Child][RunMessage] Error: Channel closing: too late to send/recv, messages will be lost


###!!! [Child][MessageChannel::SendAndWait] Error: Channel error: cannot send/recv

JavaScript error: resource://grJavaScript error: resource://gre/modules/XULStore.jsm, line 66: Error: Can't find profile directory.
console.warn: SearchSettings: "get: No settings file exists, new profile?" (new Error("", "(unknown module)"))
1604604206655	Marionette	INFO	Listening on port 65328
1604604206854	Marionette	WARN	TLS certificate errors will be ignored for this session
1604604293498	Marionette	INFO	Stopped listening on port 65328

###!!! [Child][RunMessage] Error: Channel closing: too late to send/recv, messages will be lost


###!!! [Child][MessageChannel::SendAndWait] Error: Channel error: cannot send/recv

\\Temp\\rust_mozprofile3Qze6V"
JavaScript error: resource://gre/modules/XULStore.jsm, line 66: Error: Can't find profile directory.
console.warn: SearchSettings: "get: No settings file exists, new profile?" (new Error("", "(unknown module)"))
1604604298074	Marionette	INFO	Listening on port 65471
1604604298465	Marionette	WARN	TLS certificate errors will be ignored for this session
1604604952688	Marionette	INFO	Stopped listening on port 65471

###!!! [Child][MessageChannel::SendAndWait] Error: Channel error: cannot send/recv

firefox.exe" "--marionette" "-foreground" "-no-remote" "-profile" "C:\\Users\\A737638\\AppData\\Local\\Temp\\rust_mozprofile5cyBim"
JavaScript error: resource://gre/modules/XULStore.jsm, line 66: Error: Can't find profile directory.
console.warn: SearchSettings: "get: No settings file exists, new profile?" (new Error("", "(unknown module)"))
1604604732092	Marionette	INFO	Listening on port 49395
1604604732314	Marionette	WARN	TLS certificate errors will be ignored for this session
1604605944004	Marionette	INFO	Stopped listening on port 49395

###!!! [Child][MessageChannel::SendAndWait] Error: Channel error: cannot send/recv

firefox.exe" "--marionette" "-foreground" "-no-remote" "-profile" "C:\\Users\\A737638\\AppData\\Local\\Temp\\rust_mozprofileyiJAsn"
JavaScript error: resource://gre/modules/XULStore.jsm, line 66: Error: Can't find profile directory.
console.warn: SearchSettings: "get: No settings file exists, new profile?" (new Error("", "(unknown module)"))
1604605215363	Marionette	INFO	Listening on port 49782
1604605215832	Marionette	WARN	TLS certificate errors will be ignored for this session
1604605245933	geckodriver	INFO	Listening on 127.0.0.1:49922
1604605246547	mozrunner::runner	INFO	Running command: "C:\\Program Files\\Mozilla Firefox\\firefox.exe" "--marionette" "-foreground" "-no-remote" "-profile" "C:\\Users\\A737638\\AppData\\Local\\Temp\\rust_mozprofileeDpFSX"
JavaScript error: resource://gre/modules/XULStore.jsm, line 66: Error: Can't find profile directory.
console.warn: SearchSettings: "get: No settings file exists, new profile?" (new Error("", "(unknown module)"))
1604605252502	Marionette	INFO	Listening on port 49927
1604605252590	Marionette	WARN	TLS certificate errors will be ignored for this session
1604605946782	Marionette	INFO	Stopped listening on port 49927

###!!! [Child][MessageChannel::SendAndWait] Error: Channel error: cannot send/recv

firefox.exe" "--marionette" "-foreground" "-no-remote" "-profile" "C:\\Users\\A737638\\AppData\\Local\\Temp\\rust_mozprofileiCo1nH"
JavaScript error: resource://gre/modules/XULStore.jsm, line 66: Error: Can't find profile directory.
console.warn: SearchSettings: "get: No settings file exists, new profile?" (new Error("", "(unknown module)"))
1604605948859	Marionette	INFO	Listening on port 50441
1604605949255	Marionette	WARN	TLS certificate errors will be ignored for this session
1604605994154	geckodriver	INFO	Listening on 127.0.0.1:50576
1604605994692	mozrunner::runner	INFO	Running command: "C:\\Program Files\\Mozilla Firefox\\firefox.exe" "--marionette" "-foreground" "-no-remote" "-profile" "C:\\Users\\A737638\\AppData\\Local\\Temp\\rust_mozprofileRpfX6U"
JavaScript error: resource://gre/modules/XULStore.jsm, line 66: Error: Can't find profile directory.
console.warn: SearchSettings: "get: No settings file exists, new profile?" (new Error("", "(unknown module)"))
1604606002020	Marionette	INFO	Listening on port 50581
1604606002399	Marionette	WARN	TLS certificate errors will be ignored for this session
1604606058534	geckodriver	INFO	Listening on 127.0.0.1:50726
1604606059116	mozrunner::runner	INFO	Running command: "C:\\Program Files\\Mozilla Firefox\\firefox.exe" "--marionette" "-foreground" "-no-remote" "-profile" "C:\\Users\\A737638\\AppData\\Local\\Temp\\rust_mozprofileySI4V2"
JavaScript error: resource://gre/modules/XULStore.jsm, line 66: Error: Can't find profile directory.
console.warn: SearchSettings: "get: No settings file exists, new profile?" (new Error("", "(unknown module)"))
1604606064821	Marionette	INFO	Listening on port 50731
1604606065036	Marionette	WARN	TLS certificate errors will be ignored for this session

###!!! [Child][RunMessage] Error: Channel closing: too late to send/recv, messages will be lost

1604606247340	Marionette	INFO	Stopped listening on port 50731

###!!! [Child][MessageChannel::SendAndWait] Error: Channel error: cannot send/recv

\\Temp\\rust_mozprofileOyLm8A"
JavaScript error: resource://gre/modules/XULStore.jsm, line 66: Error: Can't find profile directory.
console.warn: SearchSettings: "get: No settings file exists, new profile?" (new Error("", "(unknown module)"))
1604606250728	Marionette	INFO	Listening on port 51031
1604606251037	Marionette	WARN	TLS certificate errors will be ignored for this session

###!!! [Child][RunMessage] Error: Channel closing: too late to send/recv, messages will be lost

1604606387819	geckodriver	INFO	Listening on 127.0.0.1:51260
1604606388368	mozrunner::runner	INFO	Running command: "C:\\Program Files\\Mozilla Firefox\\firefox.exe" "--marionette" "-foreground" "-no-remote" "-profile" "C:\\Users\\A737638\\AppData\\Local\\Temp\\rust_mozprofilekmmjF8"
JavaScript error: resource://gre/modules/XULStore.jsm, line 66: Error: Can't find profile directory.
console.warn: SearchSettings: "get: No settings file exists, new profile?" (new Error("", "(unknown module)"))
1604606395032	Marionette	INFO	Listening on port 51265
1604606395198	Marionette	WARN	TLS certificate errors will be ignored for this session
1604606420564	Marionette	WARN	TimedPromise timed out after 500 ms: stacktrace:
TimedPromise/<@chrome://marionette/content/sync.js:228:19
TimedPromise@chrome://marionette/content/sync.js:213:10
interaction.flushEventLoop@chrome://marionette/content/interaction.js:418:10
webdriverClickElement@chrome://marionette/content/interaction.js:179:31
1604606924718	geckodriver	INFO	Listening on 127.0.0.1:51632
1604606925318	mozrunner::runner	INFO	Running command: "C:\\Program Files\\Mozilla Firefox\\firefox.exe" "--marionette" "-foreground" "-no-remote" "-profile" "C:\\Users\\A737638\\AppData\\Local\\Temp\\rust_mozprofilePbXwGL"
JavaScript error: resource://gre/modules/XULStore.jsm, line 66: Error: Can't find profile directory.
console.warn: SearchSettings: "get: No settings file exists, new profile?" (new Error("", "(unknown module)"))
1604606939322	Marionette	INFO	Listening on port 51637
1604606940481	Marionette	WARN	TLS certificate errors will be ignored for this session
1604608269585	Marionette	WARN	TimedPromise timed out after 500 ms: stacktrace:
TimedPromise/<@chrome://marionette/content/sync.js:228:19
TimedPromise@chrome://marionette/content/sync.js:213:10
interaction.flushEventLoop@chrome://marionette/content/interaction.js:418:10
webdriverClickElement@chrome://marionette/content/interaction.js:179:31
1604609323205	geckodriver	INFO	Listening on 127.0.0.1:52799
1604609323704	mozrunner::runner	INFO	Running command: "C:\\Program Files\\Mozilla Firefox\\firefox.exe" "--marionette" "-foreground" "-no-remote" "-profile" "C:\\Users\\A737638\\AppData\\Local\\Temp\\rust_mozprofileyri8Cy"
JavaScript error: resource://gre/modules/XULStore.jsm, line 66: Error: Can't find profile directory.
console.warn: SearchSettings: "get: No settings file exists, new profile?" (new Error("", "(unknown module)"))
1604609330357	Marionette	INFO	Listening on port 52804
1604609330888	Marionette	WARN	TLS certificate errors will be ignored for this session
